CRITICAL - 2023-09-29 03:33:10 --> Undefined array key "cat_pics"
in APPPATH\Views\homepage_include\categories.php on line 9.
 1 APPPATH\Views\homepage_include\categories.php(9): CodeIgniter\Debug\Exceptions->errorHandler(2, 'Undefined array key "cat_pics"', 'C:\\laragon\\www\\Ecommerce\\app\\Views\\homepage_include\\categories.php', 9)
 2 SYSTEMPATH\View\View.php(226): include('C:\\laragon\\www\\Ecommerce\\app\\Views\\homepage_include\\categories.php')
 3 SYSTEMPATH\View\View.php(229): CodeIgniter\View\View->CodeIgniter\View\{closure}()
 4 SYSTEMPATH\View\View.php(467): CodeIgniter\View\View->render('homepage_include/categories', null, true)
 5 APPPATH\Views\shop.php(17): CodeIgniter\View\View->include('homepage_include/categories')
 6 SYSTEMPATH\View\View.php(226): include('C:\\laragon\\www\\Ecommerce\\app\\Views\\shop.php')
 7 SYSTEMPATH\View\View.php(229): CodeIgniter\View\View->CodeIgniter\View\{closure}()
 8 SYSTEMPATH\Common.php(1188): CodeIgniter\View\View->render('shop', [], true)
 9 APPPATH\Controllers\HomepageController.php(26): view('shop', [...])
10 SYSTEMPATH\CodeIgniter.php(919): App\Controllers\HomepageController->shop()
11 SYSTEMPATH\CodeIgniter.php(494): CodeIgniter\CodeIgniter->runController(Object(App\Controllers\HomepageController))
12 SYSTEMPATH\CodeIgniter.php(353): CodeIgniter\CodeIgniter->handleRequest(null, Object(Config\Cache), false)
13 FCPATH\index.php(79): CodeIgniter\CodeIgniter->run()
14 SYSTEMPATH\Commands\Server\rewrite.php(47): require_once('C:\\laragon\\www\\Ecommerce\\public\\index.php')
CRITICAL - 2023-09-29 03:33:15 --> Undefined array key "cat_pics"
in APPPATH\Views\homepage_include\categories.php on line 9.
 1 APPPATH\Views\homepage_include\categories.php(9): CodeIgniter\Debug\Exceptions->errorHandler(2, 'Undefined array key "cat_pics"', 'C:\\laragon\\www\\Ecommerce\\app\\Views\\homepage_include\\categories.php', 9)
 2 SYSTEMPATH\View\View.php(226): include('C:\\laragon\\www\\Ecommerce\\app\\Views\\homepage_include\\categories.php')
 3 SYSTEMPATH\View\View.php(229): CodeIgniter\View\View->CodeIgniter\View\{closure}()
 4 SYSTEMPATH\View\View.php(467): CodeIgniter\View\View->render('homepage_include/categories', null, true)
 5 APPPATH\Views\shop.php(17): CodeIgniter\View\View->include('homepage_include/categories')
 6 SYSTEMPATH\View\View.php(226): include('C:\\laragon\\www\\Ecommerce\\app\\Views\\shop.php')
 7 SYSTEMPATH\View\View.php(229): CodeIgniter\View\View->CodeIgniter\View\{closure}()
 8 SYSTEMPATH\Common.php(1188): CodeIgniter\View\View->render('shop', [], true)
 9 APPPATH\Controllers\HomepageController.php(26): view('shop', [...])
10 SYSTEMPATH\CodeIgniter.php(919): App\Controllers\HomepageController->shop()
11 SYSTEMPATH\CodeIgniter.php(494): CodeIgniter\CodeIgniter->runController(Object(App\Controllers\HomepageController))
12 SYSTEMPATH\CodeIgniter.php(353): CodeIgniter\CodeIgniter->handleRequest(null, Object(Config\Cache), false)
13 FCPATH\index.php(79): CodeIgniter\CodeIgniter->run()
14 SYSTEMPATH\Commands\Server\rewrite.php(47): require_once('C:\\laragon\\www\\Ecommerce\\public\\index.php')
CRITICAL - 2023-09-29 03:34:40 --> Undefined array key "cat_pics"
in APPPATH\Views\homepage_include\categories.php on line 9.
 1 APPPATH\Views\homepage_include\categories.php(9): CodeIgniter\Debug\Exceptions->errorHandler(2, 'Undefined array key "cat_pics"', 'C:\\laragon\\www\\Ecommerce\\app\\Views\\homepage_include\\categories.php', 9)
 2 SYSTEMPATH\View\View.php(226): include('C:\\laragon\\www\\Ecommerce\\app\\Views\\homepage_include\\categories.php')
 3 SYSTEMPATH\View\View.php(229): CodeIgniter\View\View->CodeIgniter\View\{closure}()
 4 SYSTEMPATH\View\View.php(467): CodeIgniter\View\View->render('homepage_include/categories', null, true)
 5 APPPATH\Views\shop.php(17): CodeIgniter\View\View->include('homepage_include/categories')
 6 SYSTEMPATH\View\View.php(226): include('C:\\laragon\\www\\Ecommerce\\app\\Views\\shop.php')
 7 SYSTEMPATH\View\View.php(229): CodeIgniter\View\View->CodeIgniter\View\{closure}()
 8 SYSTEMPATH\Common.php(1188): CodeIgniter\View\View->render('shop', [], true)
 9 APPPATH\Controllers\HomepageController.php(26): view('shop', [...])
10 SYSTEMPATH\CodeIgniter.php(919): App\Controllers\HomepageController->shop()
11 SYSTEMPATH\CodeIgniter.php(494): CodeIgniter\CodeIgniter->runController(Object(App\Controllers\HomepageController))
12 SYSTEMPATH\CodeIgniter.php(353): CodeIgniter\CodeIgniter->handleRequest(null, Object(Config\Cache), false)
13 FCPATH\index.php(79): CodeIgniter\CodeIgniter->run()
14 SYSTEMPATH\Commands\Server\rewrite.php(47): require_once('C:\\laragon\\www\\Ecommerce\\public\\index.php')
ERROR - 2023-09-29 22:08:09 --> Error connecting to the database: mysqli_sql_exception: No connection could be made because the target machine actively refused it in C:\laragon\www\Ecommerce\system\Database\MySQLi\Connection.php:185
Stack trace:
#0 C:\laragon\www\Ecommerce\system\Database\MySQLi\Connection.php(185): mysqli->real_connect('localhost', 'root', '', 'ecommerce_syste...', 3306, '', 0)
#1 C:\laragon\www\Ecommerce\system\Database\BaseConnection.php(391): CodeIgniter\Database\MySQLi\Connection->connect(false)
#2 C:\laragon\www\Ecommerce\system\Database\BaseConnection.php(574): CodeIgniter\Database\BaseConnection->initialize()
#3 C:\laragon\www\Ecommerce\system\Database\BaseBuilder.php(1615): CodeIgniter\Database\BaseConnection->query('SELECT *\nFROM `...', Array, false)
#4 C:\laragon\www\Ecommerce\system\Model.php(237): CodeIgniter\Database\BaseBuilder->get()
#5 C:\laragon\www\Ecommerce\system\BaseModel.php(624): CodeIgniter\Model->doFindAll(0, 0)
#6 C:\laragon\www\Ecommerce\app\Controllers\HomepageController.php(23): CodeIgniter\BaseModel->findAll()
#7 C:\laragon\www\Ecommerce\system\CodeIgniter.php(919): App\Controllers\HomepageController->shop()
#8 C:\laragon\www\Ecommerce\system\CodeIgniter.php(494): CodeIgniter\CodeIgniter->runController(Object(App\Controllers\HomepageController))
#9 C:\laragon\www\Ecommerce\system\CodeIgniter.php(353): CodeIgniter\CodeIgniter->handleRequest(NULL, Object(Config\Cache), false)
#10 C:\laragon\www\Ecommerce\public\index.php(79): CodeIgniter\CodeIgniter->run()
#11 C:\laragon\www\Ecommerce\system\Commands\Server\rewrite.php(47): require_once('C:\\laragon\\www\\...')
#12 {main}

Next CodeIgniter\Database\Exceptions\DatabaseException: No connection could be made because the target machine actively refused it in C:\laragon\www\Ecommerce\system\Database\MySQLi\Connection.php:229
Stack trace:
#0 C:\laragon\www\Ecommerce\system\Database\BaseConnection.php(391): CodeIgniter\Database\MySQLi\Connection->connect(false)
#1 C:\laragon\www\Ecommerce\system\Database\BaseConnection.php(574): CodeIgniter\Database\BaseConnection->initialize()
#2 C:\laragon\www\Ecommerce\system\Database\BaseBuilder.php(1615): CodeIgniter\Database\BaseConnection->query('SELECT *\nFROM `...', Array, false)
#3 C:\laragon\www\Ecommerce\system\Model.php(237): CodeIgniter\Database\BaseBuilder->get()
#4 C:\laragon\www\Ecommerce\system\BaseModel.php(624): CodeIgniter\Model->doFindAll(0, 0)
#5 C:\laragon\www\Ecommerce\app\Controllers\HomepageController.php(23): CodeIgniter\BaseModel->findAll()
#6 C:\laragon\www\Ecommerce\system\CodeIgniter.php(919): App\Controllers\HomepageController->shop()
#7 C:\laragon\www\Ecommerce\system\CodeIgniter.php(494): CodeIgniter\CodeIgniter->runController(Object(App\Controllers\HomepageController))
#8 C:\laragon\www\Ecommerce\system\CodeIgniter.php(353): CodeIgniter\CodeIgniter->handleRequest(NULL, Object(Config\Cache), false)
#9 C:\laragon\www\Ecommerce\public\index.php(79): CodeIgniter\CodeIgniter->run()
#10 C:\laragon\www\Ecommerce\system\Commands\Server\rewrite.php(47): require_once('C:\\laragon\\www\\...')
#11 {main}
CRITICAL - 2023-09-29 22:08:09 --> Unable to connect to the database.
Main connection [MySQLi]: No connection could be made because the target machine actively refused it
in SYSTEMPATH\Database\BaseConnection.php on line 427.
 1 SYSTEMPATH\Database\BaseConnection.php(574): CodeIgniter\Database\BaseConnection->initialize()
 2 SYSTEMPATH\Database\BaseBuilder.php(1615): CodeIgniter\Database\BaseConnection->query('SELECT *
FROM `categories`', [], false)
 3 SYSTEMPATH\Model.php(237): CodeIgniter\Database\BaseBuilder->get()
 4 SYSTEMPATH\BaseModel.php(624): CodeIgniter\Model->doFindAll(0, 0)
 5 APPPATH\Controllers\HomepageController.php(23): CodeIgniter\BaseModel->findAll()
 6 SYSTEMPATH\CodeIgniter.php(919): App\Controllers\HomepageController->shop()
 7 SYSTEMPATH\CodeIgniter.php(494): CodeIgniter\CodeIgniter->runController(Object(App\Controllers\HomepageController))
 8 SYSTEMPATH\CodeIgniter.php(353): CodeIgniter\CodeIgniter->handleRequest(null, Object(Config\Cache), false)
 9 FCPATH\index.php(79): CodeIgniter\CodeIgniter->run()
10 SYSTEMPATH\Commands\Server\rewrite.php(47): require_once('C:\\laragon\\www\\Ecommerce\\public\\index.php')
ERROR - 2023-09-29 22:08:27 --> Error connecting to the database: mysqli_sql_exception: No connection could be made because the target machine actively refused it in C:\laragon\www\Ecommerce\system\Database\MySQLi\Connection.php:185
Stack trace:
#0 C:\laragon\www\Ecommerce\system\Database\MySQLi\Connection.php(185): mysqli->real_connect('localhost', 'root', '', 'ecommerce_syste...', 3306, '', 0)
#1 C:\laragon\www\Ecommerce\system\Database\BaseConnection.php(391): CodeIgniter\Database\MySQLi\Connection->connect(false)
#2 C:\laragon\www\Ecommerce\system\Database\BaseConnection.php(574): CodeIgniter\Database\BaseConnection->initialize()
#3 C:\laragon\www\Ecommerce\system\Database\BaseBuilder.php(1615): CodeIgniter\Database\BaseConnection->query('SELECT *\nFROM `...', Array, false)
#4 C:\laragon\www\Ecommerce\system\Model.php(237): CodeIgniter\Database\BaseBuilder->get()
#5 C:\laragon\www\Ecommerce\system\BaseModel.php(624): CodeIgniter\Model->doFindAll(0, 0)
#6 C:\laragon\www\Ecommerce\app\Controllers\HomepageController.php(23): CodeIgniter\BaseModel->findAll()
#7 C:\laragon\www\Ecommerce\system\CodeIgniter.php(919): App\Controllers\HomepageController->shop()
#8 C:\laragon\www\Ecommerce\system\CodeIgniter.php(494): CodeIgniter\CodeIgniter->runController(Object(App\Controllers\HomepageController))
#9 C:\laragon\www\Ecommerce\system\CodeIgniter.php(353): CodeIgniter\CodeIgniter->handleRequest(NULL, Object(Config\Cache), false)
#10 C:\laragon\www\Ecommerce\public\index.php(79): CodeIgniter\CodeIgniter->run()
#11 C:\laragon\www\Ecommerce\system\Commands\Server\rewrite.php(47): require_once('C:\\laragon\\www\\...')
#12 {main}

Next CodeIgniter\Database\Exceptions\DatabaseException: No connection could be made because the target machine actively refused it in C:\laragon\www\Ecommerce\system\Database\MySQLi\Connection.php:229
Stack trace:
#0 C:\laragon\www\Ecommerce\system\Database\BaseConnection.php(391): CodeIgniter\Database\MySQLi\Connection->connect(false)
#1 C:\laragon\www\Ecommerce\system\Database\BaseConnection.php(574): CodeIgniter\Database\BaseConnection->initialize()
#2 C:\laragon\www\Ecommerce\system\Database\BaseBuilder.php(1615): CodeIgniter\Database\BaseConnection->query('SELECT *\nFROM `...', Array, false)
#3 C:\laragon\www\Ecommerce\system\Model.php(237): CodeIgniter\Database\BaseBuilder->get()
#4 C:\laragon\www\Ecommerce\system\BaseModel.php(624): CodeIgniter\Model->doFindAll(0, 0)
#5 C:\laragon\www\Ecommerce\app\Controllers\HomepageController.php(23): CodeIgniter\BaseModel->findAll()
#6 C:\laragon\www\Ecommerce\system\CodeIgniter.php(919): App\Controllers\HomepageController->shop()
#7 C:\laragon\www\Ecommerce\system\CodeIgniter.php(494): CodeIgniter\CodeIgniter->runController(Object(App\Controllers\HomepageController))
#8 C:\laragon\www\Ecommerce\system\CodeIgniter.php(353): CodeIgniter\CodeIgniter->handleRequest(NULL, Object(Config\Cache), false)
#9 C:\laragon\www\Ecommerce\public\index.php(79): CodeIgniter\CodeIgniter->run()
#10 C:\laragon\www\Ecommerce\system\Commands\Server\rewrite.php(47): require_once('C:\\laragon\\www\\...')
#11 {main}
CRITICAL - 2023-09-29 22:08:27 --> Unable to connect to the database.
Main connection [MySQLi]: No connection could be made because the target machine actively refused it
in SYSTEMPATH\Database\BaseConnection.php on line 427.
 1 SYSTEMPATH\Database\BaseConnection.php(574): CodeIgniter\Database\BaseConnection->initialize()
 2 SYSTEMPATH\Database\BaseBuilder.php(1615): CodeIgniter\Database\BaseConnection->query('SELECT *
FROM `categories`', [], false)
 3 SYSTEMPATH\Model.php(237): CodeIgniter\Database\BaseBuilder->get()
 4 SYSTEMPATH\BaseModel.php(624): CodeIgniter\Model->doFindAll(0, 0)
 5 APPPATH\Controllers\HomepageController.php(23): CodeIgniter\BaseModel->findAll()
 6 SYSTEMPATH\CodeIgniter.php(919): App\Controllers\HomepageController->shop()
 7 SYSTEMPATH\CodeIgniter.php(494): CodeIgniter\CodeIgniter->runController(Object(App\Controllers\HomepageController))
 8 SYSTEMPATH\CodeIgniter.php(353): CodeIgniter\CodeIgniter->handleRequest(null, Object(Config\Cache), false)
 9 FCPATH\index.php(79): CodeIgniter\CodeIgniter->run()
10 SYSTEMPATH\Commands\Server\rewrite.php(47): require_once('C:\\laragon\\www\\Ecommerce\\public\\index.php')
