ERROR - 2023-09-30 03:14:09 --> mysqli_sql_exception: Table 'ecommerce_system.users' doesn't exist in C:\laragon\www\Ecommerce\system\Database\MySQLi\Connection.php:306
Stack trace:
#0 C:\laragon\www\Ecommerce\system\Database\MySQLi\Connection.php(306): mysqli->query('SELECT 1\nFROM `...', 0)
#1 C:\laragon\www\Ecommerce\system\Database\BaseConnection.php(692): CodeIgniter\Database\MySQLi\Connection->execute('SELECT 1\nFROM `...')
#2 C:\laragon\www\Ecommerce\system\Database\BaseConnection.php(606): CodeIgniter\Database\BaseConnection->simpleQuery('SELECT 1\nFROM `...')
#3 C:\laragon\www\Ecommerce\system\Database\BaseBuilder.php(1615): CodeIgniter\Database\BaseConnection->query('SELECT 1\nFROM `...', Array, false)
#4 C:\laragon\www\Ecommerce\system\Validation\StrictRules\Rules.php(206): CodeIgniter\Database\BaseBuilder->get()
#5 C:\laragon\www\Ecommerce\system\Validation\Validation.php(309): CodeIgniter\Validation\StrictRules\Rules->is_unique('jdmalaluan2@gma...', 'email', Array, NULL, 'email')
#6 C:\laragon\www\Ecommerce\system\Validation\Validation.php(195): CodeIgniter\Validation\Validation->processRules('email', 'email', 'jdmalaluan2@gma...', Array, Array)
#7 C:\laragon\www\Ecommerce\system\Controller.php(150): CodeIgniter\Validation\Validation->run()
#8 C:\laragon\www\Ecommerce\app\Controllers\UserController.php(29): CodeIgniter\Controller->validate(Array)
#9 C:\laragon\www\Ecommerce\system\CodeIgniter.php(919): App\Controllers\UserController->register()
#10 C:\laragon\www\Ecommerce\system\CodeIgniter.php(494): CodeIgniter\CodeIgniter->runController(Object(App\Controllers\UserController))
#11 C:\laragon\www\Ecommerce\system\CodeIgniter.php(353): CodeIgniter\CodeIgniter->handleRequest(NULL, Object(Config\Cache), false)
#12 C:\laragon\www\Ecommerce\public\index.php(79): CodeIgniter\CodeIgniter->run()
#13 C:\laragon\www\Ecommerce\system\Commands\Server\rewrite.php(47): require_once('C:\\laragon\\www\\...')
#14 {main}
CRITICAL - 2023-09-30 03:14:09 --> Table 'ecommerce_system.users' doesn't exist
in SYSTEMPATH\Database\BaseConnection.php on line 646.
 1 SYSTEMPATH\Database\BaseBuilder.php(1615): CodeIgniter\Database\BaseConnection->query('SELECT 1
FROM `users`
WHERE `email` = :email:
 LIMIT 1', [...], false)
 2 SYSTEMPATH\Validation\StrictRules\Rules.php(206): CodeIgniter\Database\BaseBuilder->get()
 3 SYSTEMPATH\Validation\Validation.php(309): CodeIgniter\Validation\StrictRules\Rules->is_unique('jdmalaluan2@gmail.com', 'email', [...], null, 'email')
 4 SYSTEMPATH\Validation\Validation.php(195): CodeIgniter\Validation\Validation->processRules('email', 'email', 'jdmalaluan2@gmail.com', [...], [...])
 5 SYSTEMPATH\Controller.php(150): CodeIgniter\Validation\Validation->run()
 6 APPPATH\Controllers\UserController.php(29): CodeIgniter\Controller->validate([...])
 7 SYSTEMPATH\CodeIgniter.php(919): App\Controllers\UserController->register()
 8 SYSTEMPATH\CodeIgniter.php(494): CodeIgniter\CodeIgniter->runController(Object(App\Controllers\UserController))
 9 SYSTEMPATH\CodeIgniter.php(353): CodeIgniter\CodeIgniter->handleRequest(null, Object(Config\Cache), false)
10 FCPATH\index.php(79): CodeIgniter\CodeIgniter->run()
11 SYSTEMPATH\Commands\Server\rewrite.php(47): require_once('C:\\laragon\\www\\Ecommerce\\public\\index.php')
ERROR - 2023-09-30 03:15:12 --> mysqli_sql_exception: Table 'ecommerce_system.users' doesn't exist in C:\laragon\www\Ecommerce\system\Database\MySQLi\Connection.php:306
Stack trace:
#0 C:\laragon\www\Ecommerce\system\Database\MySQLi\Connection.php(306): mysqli->query('SELECT 1\nFROM `...', 0)
#1 C:\laragon\www\Ecommerce\system\Database\BaseConnection.php(692): CodeIgniter\Database\MySQLi\Connection->execute('SELECT 1\nFROM `...')
#2 C:\laragon\www\Ecommerce\system\Database\BaseConnection.php(606): CodeIgniter\Database\BaseConnection->simpleQuery('SELECT 1\nFROM `...')
#3 C:\laragon\www\Ecommerce\system\Database\BaseBuilder.php(1615): CodeIgniter\Database\BaseConnection->query('SELECT 1\nFROM `...', Array, false)
#4 C:\laragon\www\Ecommerce\system\Validation\StrictRules\Rules.php(206): CodeIgniter\Database\BaseBuilder->get()
#5 C:\laragon\www\Ecommerce\system\Validation\Validation.php(309): CodeIgniter\Validation\StrictRules\Rules->is_unique('jdmalaluan2@gma...', 'email', Array, NULL, 'email')
#6 C:\laragon\www\Ecommerce\system\Validation\Validation.php(195): CodeIgniter\Validation\Validation->processRules('email', 'email', 'jdmalaluan2@gma...', Array, Array)
#7 C:\laragon\www\Ecommerce\system\Controller.php(150): CodeIgniter\Validation\Validation->run()
#8 C:\laragon\www\Ecommerce\app\Controllers\UserController.php(29): CodeIgniter\Controller->validate(Array)
#9 C:\laragon\www\Ecommerce\system\CodeIgniter.php(919): App\Controllers\UserController->register()
#10 C:\laragon\www\Ecommerce\system\CodeIgniter.php(494): CodeIgniter\CodeIgniter->runController(Object(App\Controllers\UserController))
#11 C:\laragon\www\Ecommerce\system\CodeIgniter.php(353): CodeIgniter\CodeIgniter->handleRequest(NULL, Object(Config\Cache), false)
#12 C:\laragon\www\Ecommerce\public\index.php(79): CodeIgniter\CodeIgniter->run()
#13 C:\laragon\www\Ecommerce\system\Commands\Server\rewrite.php(47): require_once('C:\\laragon\\www\\...')
#14 {main}
CRITICAL - 2023-09-30 03:15:12 --> Table 'ecommerce_system.users' doesn't exist
in SYSTEMPATH\Database\BaseConnection.php on line 646.
 1 SYSTEMPATH\Database\BaseBuilder.php(1615): CodeIgniter\Database\BaseConnection->query('SELECT 1
FROM `users`
WHERE `email` = :email:
 LIMIT 1', [...], false)
 2 SYSTEMPATH\Validation\StrictRules\Rules.php(206): CodeIgniter\Database\BaseBuilder->get()
 3 SYSTEMPATH\Validation\Validation.php(309): CodeIgniter\Validation\StrictRules\Rules->is_unique('jdmalaluan2@gmail.com', 'email', [...], null, 'email')
 4 SYSTEMPATH\Validation\Validation.php(195): CodeIgniter\Validation\Validation->processRules('email', 'email', 'jdmalaluan2@gmail.com', [...], [...])
 5 SYSTEMPATH\Controller.php(150): CodeIgniter\Validation\Validation->run()
 6 APPPATH\Controllers\UserController.php(29): CodeIgniter\Controller->validate([...])
 7 SYSTEMPATH\CodeIgniter.php(919): App\Controllers\UserController->register()
 8 SYSTEMPATH\CodeIgniter.php(494): CodeIgniter\CodeIgniter->runController(Object(App\Controllers\UserController))
 9 SYSTEMPATH\CodeIgniter.php(353): CodeIgniter\CodeIgniter->handleRequest(null, Object(Config\Cache), false)
10 FCPATH\index.php(79): CodeIgniter\CodeIgniter->run()
11 SYSTEMPATH\Commands\Server\rewrite.php(47): require_once('C:\\laragon\\www\\Ecommerce\\public\\index.php')
ERROR - 2023-09-30 03:16:58 --> mysqli_sql_exception: Table 'ecommerce_system.users' doesn't exist in C:\laragon\www\Ecommerce\system\Database\MySQLi\Connection.php:306
Stack trace:
#0 C:\laragon\www\Ecommerce\system\Database\MySQLi\Connection.php(306): mysqli->query('SELECT 1\nFROM `...', 0)
#1 C:\laragon\www\Ecommerce\system\Database\BaseConnection.php(692): CodeIgniter\Database\MySQLi\Connection->execute('SELECT 1\nFROM `...')
#2 C:\laragon\www\Ecommerce\system\Database\BaseConnection.php(606): CodeIgniter\Database\BaseConnection->simpleQuery('SELECT 1\nFROM `...')
#3 C:\laragon\www\Ecommerce\system\Database\BaseBuilder.php(1615): CodeIgniter\Database\BaseConnection->query('SELECT 1\nFROM `...', Array, false)
#4 C:\laragon\www\Ecommerce\system\Validation\StrictRules\Rules.php(206): CodeIgniter\Database\BaseBuilder->get()
#5 C:\laragon\www\Ecommerce\system\Validation\Validation.php(309): CodeIgniter\Validation\StrictRules\Rules->is_unique('jdmalaluan2@gma...', 'email', Array, NULL, 'email')
#6 C:\laragon\www\Ecommerce\system\Validation\Validation.php(195): CodeIgniter\Validation\Validation->processRules('email', 'email', 'jdmalaluan2@gma...', Array, Array)
#7 C:\laragon\www\Ecommerce\system\Controller.php(150): CodeIgniter\Validation\Validation->run()
#8 C:\laragon\www\Ecommerce\app\Controllers\UserController.php(29): CodeIgniter\Controller->validate(Array)
#9 C:\laragon\www\Ecommerce\system\CodeIgniter.php(919): App\Controllers\UserController->register()
#10 C:\laragon\www\Ecommerce\system\CodeIgniter.php(494): CodeIgniter\CodeIgniter->runController(Object(App\Controllers\UserController))
#11 C:\laragon\www\Ecommerce\system\CodeIgniter.php(353): CodeIgniter\CodeIgniter->handleRequest(NULL, Object(Config\Cache), false)
#12 C:\laragon\www\Ecommerce\public\index.php(79): CodeIgniter\CodeIgniter->run()
#13 C:\laragon\www\Ecommerce\system\Commands\Server\rewrite.php(47): require_once('C:\\laragon\\www\\...')
#14 {main}
CRITICAL - 2023-09-30 03:16:58 --> Table 'ecommerce_system.users' doesn't exist
in SYSTEMPATH\Database\BaseConnection.php on line 646.
 1 SYSTEMPATH\Database\BaseBuilder.php(1615): CodeIgniter\Database\BaseConnection->query('SELECT 1
FROM `users`
WHERE `email` = :email:
 LIMIT 1', [...], false)
 2 SYSTEMPATH\Validation\StrictRules\Rules.php(206): CodeIgniter\Database\BaseBuilder->get()
 3 SYSTEMPATH\Validation\Validation.php(309): CodeIgniter\Validation\StrictRules\Rules->is_unique('jdmalaluan2@gmail.com', 'email', [...], null, 'email')
 4 SYSTEMPATH\Validation\Validation.php(195): CodeIgniter\Validation\Validation->processRules('email', 'email', 'jdmalaluan2@gmail.com', [...], [...])
 5 SYSTEMPATH\Controller.php(150): CodeIgniter\Validation\Validation->run()
 6 APPPATH\Controllers\UserController.php(29): CodeIgniter\Controller->validate([...])
 7 SYSTEMPATH\CodeIgniter.php(919): App\Controllers\UserController->register()
 8 SYSTEMPATH\CodeIgniter.php(494): CodeIgniter\CodeIgniter->runController(Object(App\Controllers\UserController))
 9 SYSTEMPATH\CodeIgniter.php(353): CodeIgniter\CodeIgniter->handleRequest(null, Object(Config\Cache), false)
10 FCPATH\index.php(79): CodeIgniter\CodeIgniter->run()
11 SYSTEMPATH\Commands\Server\rewrite.php(47): require_once('C:\\laragon\\www\\Ecommerce\\public\\index.php')
CRITICAL - 2023-09-30 03:39:55 --> syntax error, unexpected token "public", expecting end of file
in APPPATH\Controllers\UserController.php on line 50.
 1 SYSTEMPATH\Autoloader\Autoloader.php(285): CodeIgniter\Autoloader\Autoloader->includeFile('C:\\laragon\\www\\Ecommerce\\app\\Controllers\\UserController.php')
 2 SYSTEMPATH\Autoloader\Autoloader.php(263): CodeIgniter\Autoloader\Autoloader->loadInNamespace('App\\Controllers\\UserController')
 3 [internal function]: CodeIgniter\Autoloader\Autoloader->loadClass('App\\Controllers\\UserController')
 4 SYSTEMPATH\CodeIgniter.php(877): class_exists('\\App\\Controllers\\UserController', true)
 5 SYSTEMPATH\CodeIgniter.php(481): CodeIgniter\CodeIgniter->startController()
 6 SYSTEMPATH\CodeIgniter.php(353): CodeIgniter\CodeIgniter->handleRequest(null, Object(Config\Cache), false)
 7 FCPATH\index.php(79): CodeIgniter\CodeIgniter->run()
 8 SYSTEMPATH\Commands\Server\rewrite.php(47): require_once('C:\\laragon\\www\\Ecommerce\\public\\index.php')
CRITICAL - 2023-09-30 03:45:16 --> Undefined array key "id"
in APPPATH\Controllers\UserController.php on line 70.
 1 APPPATH\Controllers\UserController.php(70): CodeIgniter\Debug\Exceptions->errorHandler(2, 'Undefined array key "id"', 'C:\\laragon\\www\\Ecommerce\\app\\Controllers\\UserController.php', 70)
 2 SYSTEMPATH\CodeIgniter.php(919): App\Controllers\UserController->loginAuth()
 3 SYSTEMPATH\CodeIgniter.php(494): CodeIgniter\CodeIgniter->runController(Object(App\Controllers\UserController))
 4 SYSTEMPATH\CodeIgniter.php(353): CodeIgniter\CodeIgniter->handleRequest(null, Object(Config\Cache), false)
 5 FCPATH\index.php(79): CodeIgniter\CodeIgniter->run()
 6 SYSTEMPATH\Commands\Server\rewrite.php(47): require_once('C:\\laragon\\www\\Ecommerce\\public\\index.php')
CRITICAL - 2023-09-30 04:06:45 --> Call to undefined function http://localhost:8080/()
in APPPATH\Views\homepage_include\categories.php on line 9.
 1 SYSTEMPATH\View\View.php(226): include()
 2 SYSTEMPATH\View\View.php(229): CodeIgniter\View\View->CodeIgniter\View\{closure}()
 3 SYSTEMPATH\View\View.php(467): CodeIgniter\View\View->render('homepage_include/categories', null, true)
 4 APPPATH\Views\shop.php(17): CodeIgniter\View\View->include('homepage_include/categories')
 5 SYSTEMPATH\View\View.php(226): include('C:\\laragon\\www\\Ecommerce\\app\\Views\\shop.php')
 6 SYSTEMPATH\View\View.php(229): CodeIgniter\View\View->CodeIgniter\View\{closure}()
 7 SYSTEMPATH\Common.php(1188): CodeIgniter\View\View->render('shop', [], true)
 8 APPPATH\Controllers\HomepageController.php(26): view('shop', [...])
 9 SYSTEMPATH\CodeIgniter.php(919): App\Controllers\HomepageController->shop()
10 SYSTEMPATH\CodeIgniter.php(494): CodeIgniter\CodeIgniter->runController(Object(App\Controllers\HomepageController))
11 SYSTEMPATH\CodeIgniter.php(353): CodeIgniter\CodeIgniter->handleRequest(null, Object(Config\Cache), false)
12 FCPATH\index.php(79): CodeIgniter\CodeIgniter->run()
13 SYSTEMPATH\Commands\Server\rewrite.php(47): require_once('C:\\laragon\\www\\Ecommerce\\public\\index.php')
CRITICAL - 2023-09-30 04:06:51 --> Call to undefined function http://localhost:8080/()
in APPPATH\Views\homepage_include\categories.php on line 9.
 1 SYSTEMPATH\View\View.php(226): include()
 2 SYSTEMPATH\View\View.php(229): CodeIgniter\View\View->CodeIgniter\View\{closure}()
 3 SYSTEMPATH\View\View.php(467): CodeIgniter\View\View->render('homepage_include/categories', null, true)
 4 APPPATH\Views\shop.php(17): CodeIgniter\View\View->include('homepage_include/categories')
 5 SYSTEMPATH\View\View.php(226): include('C:\\laragon\\www\\Ecommerce\\app\\Views\\shop.php')
 6 SYSTEMPATH\View\View.php(229): CodeIgniter\View\View->CodeIgniter\View\{closure}()
 7 SYSTEMPATH\Common.php(1188): CodeIgniter\View\View->render('shop', [], true)
 8 APPPATH\Controllers\HomepageController.php(26): view('shop', [...])
 9 SYSTEMPATH\CodeIgniter.php(919): App\Controllers\HomepageController->shop()
10 SYSTEMPATH\CodeIgniter.php(494): CodeIgniter\CodeIgniter->runController(Object(App\Controllers\HomepageController))
11 SYSTEMPATH\CodeIgniter.php(353): CodeIgniter\CodeIgniter->handleRequest(null, Object(Config\Cache), false)
12 FCPATH\index.php(79): CodeIgniter\CodeIgniter->run()
13 SYSTEMPATH\Commands\Server\rewrite.php(47): require_once('C:\\laragon\\www\\Ecommerce\\public\\index.php')
CRITICAL - 2023-09-30 04:28:48 --> Attempt to read property "username" on string
in APPPATH\Views\homepage_include\profile_header.php on line 19.
 1 APPPATH\Views\homepage_include\profile_header.php(19): CodeIgniter\Debug\Exceptions->errorHandler(2, 'Attempt to read property "username" on string', 'C:\\laragon\\www\\Ecommerce\\app\\Views\\homepage_include\\profile_header.php', 19)
 2 SYSTEMPATH\View\View.php(226): include('C:\\laragon\\www\\Ecommerce\\app\\Views\\homepage_include\\profile_header.php')
 3 SYSTEMPATH\View\View.php(229): CodeIgniter\View\View->CodeIgniter\View\{closure}()
 4 SYSTEMPATH\View\View.php(467): CodeIgniter\View\View->render('homepage_include/profile_header', null, true)
 5 APPPATH\Views\profileshop.php(6): CodeIgniter\View\View->include('homepage_include/profile_header')
 6 SYSTEMPATH\View\View.php(226): include('C:\\laragon\\www\\Ecommerce\\app\\Views\\profileshop.php')
 7 SYSTEMPATH\View\View.php(229): CodeIgniter\View\View->CodeIgniter\View\{closure}()
 8 SYSTEMPATH\Common.php(1188): CodeIgniter\View\View->render('profileshop', [], true)
 9 APPPATH\Controllers\ProfileController.php(25): view('profileshop', [...])
10 SYSTEMPATH\CodeIgniter.php(919): App\Controllers\ProfileController->index()
11 SYSTEMPATH\CodeIgniter.php(494): CodeIgniter\CodeIgniter->runController(Object(App\Controllers\ProfileController))
12 SYSTEMPATH\CodeIgniter.php(353): CodeIgniter\CodeIgniter->handleRequest(null, Object(Config\Cache), false)
13 FCPATH\index.php(79): CodeIgniter\CodeIgniter->run()
14 SYSTEMPATH\Commands\Server\rewrite.php(47): require_once('C:\\laragon\\www\\Ecommerce\\public\\index.php')
